2026-07-07T23:41:40.377Z arlette.daem@telenet.be ENOENT: no such file or directory, open '/root/sender_js/src/mail/tracker/queue.json'
2026-07-07T23:41:40.393Z demosbou@gmail.com ENOENT: no such file or directory, open '/root/sender_js/src/mail/tracker/queue.json'
2026-07-07T23:41:40.676Z bikola.bikola@outlook.com ENOENT: no such file or directory, open '/root/sender_js/src/mail/tracker/queue.json'
2026-07-07T23:41:40.692Z soufiane6_hacker@hotmail.com ENOENT: no such file or directory, open '/root/sender_js/src/mail/tracker/queue.json'
2026-07-07T23:43:24.180Z arlette.daem@telenet.be ENOENT: no such file or directory, open '/root/sender_js/src/mail/tracker/queue.json'
2026-07-07T23:43:24.186Z demosbou@gmail.com ENOENT: no such file or directory, open '/root/sender_js/src/mail/tracker/queue.json'
2026-07-07T23:43:24.491Z bikola.bikola@outlook.com ENOENT: no such file or directory, open '/root/sender_js/src/mail/tracker/queue.json'
2026-07-07T23:43:24.493Z soufiane6_hacker@hotmail.com ENOENT: no such file or directory, open '/root/sender_js/src/mail/tracker/queue.json'
2026-07-08T02:42:40.409Z arlette.daem@telenet.be db.prepare is not a function
2026-07-08T02:42:40.420Z demosbou@gmail.com db.prepare is not a function
2026-07-08T02:42:40.716Z skylurrese1976@gmx.de db.prepare is not a function
2026-07-08T02:42:40.725Z bikola.bikola@outlook.com db.prepare is not a function
2026-07-08T02:42:41.016Z soufiane6_hacker@hotmail.com db.prepare is not a function
2026-07-08T02:44:34.928Z arlette.daem@telenet.be table events has no column named event
2026-07-08T02:44:34.934Z demosbou@gmail.com table events has no column named event
2026-07-08T02:44:35.236Z skylurrese1976@gmx.de table events has no column named event
2026-07-08T02:44:35.243Z bikola.bikola@outlook.com table events has no column named event
2026-07-08T02:44:35.540Z soufiane6_hacker@hotmail.com table events has no column named event
2026-07-09T18:44:33.119Z e No recipients defined
2026-07-09T18:44:42.382Z e No recipients defined
2026-07-09T18:44:52.403Z .de No recipients defined
2026-07-09T18:45:02.660Z t.de No recipients defined
2026-07-09T18:45:09.447Z et.de No recipients defined
2026-07-09T18:45:25.060Z e No recipients defined
2026-07-09T18:45:56.652Z t.de No recipients defined
2026-07-09T18:46:16.784Z de No recipients defined
2026-07-09T18:46:37.932Z il.de No recipients defined
2026-07-09T18:46:41.182Z dmail.de No recipients defined
2026-07-09T18:46:46.555Z t.de No recipients defined
2026-07-09T18:48:00.088Z n-steffens.de No recipients defined
2026-07-09T18:48:05.507Z de No recipients defined
2026-07-09T18:48:05.809Z rstein.de No recipients defined
2026-07-09T18:48:12.709Z e No recipients defined
2026-07-09T18:48:24.702Z -bremen.de No recipients defined
2026-07-09T18:48:53.262Z miedepunkt.de No recipients defined
2026-07-09T18:48:53.388Z -flein-talheim.de No recipients defined
2026-07-09T18:48:55.671Z de No recipients defined
2026-07-09T18:49:12.986Z inmueller.de No recipients defined
2026-07-09T18:49:26.814Z e No recipients defined
2026-07-09T18:49:52.575Z achsen.de No recipients defined
2026-07-09T18:51:25.624Z delberg.de No recipients defined
2026-07-09T18:51:36.734Z lin.de No recipients defined
2026-07-09T18:52:00.090Z n.de No recipients defined
2026-07-09T18:52:01.955Z heilbronn.de No recipients defined
2026-07-09T18:52:18.831Z ulm.de No recipients defined
2026-07-09T18:52:44.562Z ept.de No recipients defined
2026-07-09T18:52:44.937Z e No recipients defined
2026-07-09T18:52:46.449Z foot.de No recipients defined
2026-07-09T18:53:00.131Z tional.de No recipients defined
2026-07-09T18:53:00.216Z .de No recipients defined
2026-07-09T18:53:01.397Z am.de No recipients defined
2026-07-09T18:53:07.320Z ativ.de No recipients defined
2026-07-09T18:53:17.410Z ction.de No recipients defined
2026-07-09T18:53:35.034Z de No recipients defined
2026-07-09T18:53:43.759Z rite.de No recipients defined
2026-07-09T18:53:45.960Z e No recipients defined
2026-07-09T18:53:46.633Z mpg.de No recipients defined
2026-07-09T18:53:49.740Z -strese.de No recipients defined
2026-07-09T18:55:51.854Z ound.de No recipients defined
2026-07-09T19:13:28.668Z .de No recipients defined
2026-07-09T19:13:32.047Z eplus.de No recipients defined
2026-07-09T19:13:42.375Z t-schneider.de No recipients defined
2026-07-09T19:13:43.074Z -schneider.de No recipients defined
2026-07-09T19:14:00.349Z -knyphausen.de No recipients defined
2026-07-09T19:14:20.316Z ayern.de No recipients defined
2026-07-09T19:14:23.658Z e No recipients defined
2026-07-09T19:14:44.127Z rs-chemicals.de No recipients defined
2026-07-09T19:14:56.110Z a-bt.bayern.de No recipients defined
2026-07-09T19:14:59.273Z uni-hagen.de No recipients defined
2026-07-09T19:15:43.498Z bremen.de No recipients defined
2026-07-09T19:15:55.554Z de No recipients defined
2026-07-09T19:16:14.624Z ster.de No recipients defined
2026-07-09T19:16:20.207Z tenburg.de No recipients defined
2026-07-09T19:16:38.433Z ergroup.de No recipients defined
2026-07-09T19:16:39.365Z lung.de No recipients defined
2026-07-09T19:16:41.186Z er.de No recipients defined
2026-07-09T19:16:46.667Z s.de No recipients defined
2026-07-09T19:16:55.059Z t-duesseldorf.de No recipients defined
2026-07-09T19:17:26.773Z lberg-konzentra.de No recipients defined
2026-07-09T19:17:27.870Z dein-weg-bewegt.de No recipients defined
2026-07-09T19:17:29.059Z fenseebach.de No recipients defined
2026-07-09T19:17:31.772Z baden.de No recipients defined
2026-07-09T19:17:35.426Z de No recipients defined
2026-07-09T19:17:46.432Z urg.de No recipients defined
2026-07-09T19:18:12.146Z de No recipients defined
2026-07-09T19:18:15.176Z n.de No recipients defined
2026-07-09T19:18:52.574Z rhaltenstherapie-mannheim.de No recipients defined
2026-07-09T19:18:53.883Z e No recipients defined
2026-07-09T19:19:27.778Z .de No recipients defined
2026-07-09T19:19:34.735Z fone.de No recipients defined
2026-07-09T19:19:49.091Z afone.de No recipients defined
2026-07-09T19:20:11.318Z dagmar.albert@stwhas.de UNIQUE constraint failed: mails.queue_id
2026-07-09T19:20:22.298Z l.de No recipients defined
2026-07-09T19:20:24.907Z ernberg.ihk.de No recipients defined
2026-07-09T19:20:26.198Z hr.de No recipients defined
2026-07-09T19:20:52.089Z eme.de No recipients defined
2026-07-09T19:21:15.028Z gen.de No recipients defined
2026-07-09T19:21:34.015Z .de No recipients defined
2026-07-09T19:21:46.552Z epost.de No recipients defined
2026-07-09T19:22:05.336Z m.de No recipients defined
2026-07-09T19:22:15.177Z op-automobile.de No recipients defined
2026-07-09T19:22:35.435Z aexlmaier.de No recipients defined
2026-07-09T19:23:10.277Z de No recipients defined
2026-07-09T19:23:29.632Z g.de No recipients defined
2026-07-09T19:23:42.768Z anker.de No recipients defined
2026-07-09T19:23:51.286Z .de No recipients defined
2026-07-09T19:23:51.436Z g-dingolfing.de No recipients defined
2026-07-09T19:23:55.584Z de No recipients defined
2026-07-09T19:23:58.098Z .de No recipients defined
2026-07-09T19:24:09.395Z delberg.de No recipients defined
2026-07-09T19:24:26.734Z olz.de No recipients defined
2026-07-09T19:24:34.538Z oeger.de No recipients defined
2026-07-09T19:24:49.841Z e-bopfingen-1886.de No recipients defined
2026-07-09T19:25:00.125Z edienservice.de No recipients defined
2026-07-09T19:25:58.832Z .de No recipients defined
2026-07-09T19:26:02.615Z .de No recipients defined
2026-07-09T19:26:45.235Z -bw.de No recipients defined
2026-07-09T19:27:15.459Z k.de No recipients defined
2026-07-11T12:01:37.991Z -peter.steger@leoburnett.de Can't send mail - all recipients were rejected: 501 5.1.3 Bad recipient address syntax
2026-07-13T14:46:46.744Z michael.hage@grs.de UNIQUE constraint failed: mails.queue_id
2026-07-13T14:52:13.417Z -guy.billout@leoburnett.de Can't send mail - all recipients were rejected: 501 5.1.3 Bad recipient address syntax
