2026-07-07T01:15:58.834Z bikola.bikola@outlook.com
2026-07-07T01:15:58.837Z bikola.bikola@outlook.com
2026-07-07T01:15:58.849Z bikola.bikola@outlook.com
2026-07-07T01:15:58.857Z bikola.bikola@outlook.com
2026-07-07T01:15:58.860Z bikola.bikola@outlook.com
2026-07-07T01:15:59.942Z soufiane6_hacker@hotmail.com
2026-07-07T01:15:59.942Z soufiane6_hacker@hotmail.com
2026-07-07T01:15:59.945Z soufiane6_hacker@hotmail.com
2026-07-07T01:15:59.957Z soufiane6_hacker@hotmail.com
2026-07-07T01:15:59.958Z soufiane6_hacker@hotmail.com
2026-07-07T01:18:39.668Z bikola.bikola@outlook.com
2026-07-07T01:18:39.669Z soufiane6_hacker@hotmail.com
2026-07-07T01:27:54.873Z bikola.bikola@outlook.com
2026-07-07T01:27:54.881Z soufiane6_hacker@hotmail.com
2026-07-07T01:31:55.143Z soufiane6_hacker@hotmail.com
2026-07-07T01:31:55.146Z bikola.bikola@outlook.com
2026-07-07T01:39:24.067Z bikola.bikola@outlook.com
2026-07-07T01:39:24.068Z soufiane6_hacker@hotmail.com
2026-07-07T01:42:11.026Z bikola.bikola@outlook.com
2026-07-07T01:42:11.033Z soufiane6_hacker@hotmail.com
2026-07-07T01:42:11.041Z demosbou@gmail.com
2026-07-07T01:44:17.302Z soufiane6_hacker@hotmail.com
2026-07-07T01:44:17.303Z bikola.bikola@outlook.com
2026-07-07T01:44:17.317Z demosbou@gmail.com
2026-07-07T01:55:53.334Z bikola.bikola@outlook.com
2026-07-07T01:55:53.336Z soufiane6_hacker@hotmail.com
2026-07-07T02:06:04.637Z soufiane6_hacker@hotmail.com
2026-07-07T02:06:04.646Z bikola.bikola@outlook.com
2026-07-07T02:27:47.074Z bikola.bikola@outlook.com
2026-07-07T02:27:47.076Z soufiane6_hacker@hotmail.com
2026-07-07T11:35:37.924Z bikola.bikola@outlook.com
2026-07-07T11:35:37.928Z soufiane6_hacker@hotmail.com
2026-07-07T19:31:24.793Z kurinchi@live.de
2026-07-07T19:31:24.798Z coolkc@hotmail.de
2026-07-07T19:31:25.890Z merve.mrv@outlook.de
2026-07-07T19:31:25.901Z laura-haha@hotmail.de
2026-07-07T19:31:26.986Z esmacakir1994@hotmail.de
2026-07-07T19:31:26.997Z remmo44@hotmail.de
2026-07-07T19:31:28.085Z s-kapoor@live.de
2026-07-07T19:31:28.097Z meriwani@hotmail.de
2026-07-07T19:31:29.186Z kimara@live.de
2026-07-07T19:31:29.194Z tumblrcidost@hotmail.de
2026-07-07T19:31:30.282Z leja1501@outlook.de
2026-07-07T19:31:30.290Z o.elali@hotmail.de
2026-07-07T19:31:31.386Z lenna15@hotmail.de
2026-07-07T19:31:31.386Z lara.issa@live.de
2026-07-07T19:31:32.490Z malika19991@hotmail.de
2026-07-07T19:31:32.491Z ilayda.tanislar@live.de
2026-07-07T19:31:33.594Z ali.bayrak2000@hotmail.de
2026-07-07T19:31:33.597Z lauritz1998f@hotmail.de
2026-07-07T19:31:34.694Z diana_smile3@hotmail.de
2026-07-07T19:31:34.694Z kustrim@hotmail.de
2026-07-07T19:31:35.794Z selahattin.kaca@hotmail.de
2026-07-07T19:31:35.795Z ruschuer@hotmail.de
2026-07-07T19:31:36.894Z anja.schimek@live.de
2026-07-07T19:31:36.895Z munir.h@hotmail.de
2026-07-07T19:31:37.994Z nharkai@hotmail.de
2026-07-07T19:31:37.995Z l.boegel@hotmail.de
2026-07-07T19:31:39.094Z sara.zouaoui@hotmail.de
2026-07-07T19:31:39.094Z angelo.97@hotmail.de
2026-07-07T19:31:40.193Z pilslmartin@hotmail.de
2026-07-07T19:31:40.194Z k.i.k.i_1993@hotmail.de
2026-07-07T19:31:41.297Z giudydim@live.de
2026-07-07T19:31:41.298Z nazlisahan@hotmail.de
2026-07-07T19:31:42.398Z juli-baumgart@hotmail.de
2026-07-07T19:31:42.414Z kingcoolferhat@hotmail.de
2026-07-07T19:31:43.498Z valentina1030@live.de
2026-07-07T19:31:43.509Z oliver-klatzka@web.de
2026-07-07T19:31:44.594Z sg5567@hotmail.de
2026-07-07T19:31:44.605Z jit786@hotmail.de
2026-07-07T19:31:45.690Z merdan_400@live.de
2026-07-07T19:31:45.698Z sugarbabe-007@hotmail.de
2026-07-07T19:31:46.790Z sfo@hotmail.de
2026-07-07T19:31:46.791Z ardi.ll@hotmail.de
2026-07-07T19:31:47.886Z jauad100@hotmail.de
2026-07-07T19:31:47.889Z dilara.savgu@hotmail.de
2026-07-07T19:31:48.985Z douniaslimanapple@outlook.de
2026-07-07T19:31:48.989Z djamilaemrovic@hotmail.de
2026-07-07T19:31:50.086Z giu1000@hotmail.de
2026-07-07T19:31:50.089Z haci-kaya@hotmail.de
2026-07-07T19:31:51.186Z gorock@hotmail.de
2026-07-07T19:31:51.193Z enes.18@hotmail.de
2026-07-07T19:31:52.282Z vanessa.cron@hotmail.de
2026-07-07T19:31:52.289Z rona.eri@hotmail.de
2026-07-07T19:31:53.382Z tamara-friedrich@hotmail.de
2026-07-07T19:31:53.384Z florentina.zyberaj@live.de
2026-07-07T19:31:54.482Z loveyahoney@hotmail.de
2026-07-07T19:31:54.485Z mimoza@live.de
2026-07-07T19:31:55.582Z kadir.43@hotmail.de
2026-07-07T19:31:55.584Z mustafaruslu@hotmail.de
2026-07-07T19:31:56.682Z moni.ch@live.de
2026-07-07T19:31:56.683Z eva.gamper@hotmail.de
2026-07-07T19:31:57.785Z edi_pa1x@hotmail.de
2026-07-07T19:31:57.786Z b3nzin@hotmail.de
2026-07-07T19:31:58.885Z aysel_altintash@hotmail.de
2026-07-07T19:31:58.894Z oliver.knoess@web.de
2026-07-07T19:31:59.990Z joey_ana09@hotmail.de
2026-07-07T19:31:59.990Z duisburger2004@hotmail.de
2026-07-07T19:32:01.091Z adanali-karaliz-01@hotmail.de
2026-07-07T19:32:01.093Z mihribancik_99@hotmail.de
2026-07-07T19:32:02.190Z silakara-@hotmail.de
2026-07-07T19:32:02.198Z iman.1@hotmail.de
2026-07-07T19:32:03.286Z babeldu@outlook.de
2026-07-07T19:32:03.298Z juana123@live.de
2026-07-07T19:32:04.390Z sonya89@hotmail.de
2026-07-07T19:32:04.402Z daniel.dss@hotmail.de
2026-07-07T19:32:05.494Z king-kanack@hotmail.de
2026-07-07T19:32:05.498Z alina.2000@live.de
2026-07-07T19:32:06.594Z raui1212@hotmail.de
2026-07-07T19:32:06.602Z baris.bajrami@outlook.de
2026-07-07T19:32:07.693Z amirbedes@hotmail.de
2026-07-07T19:32:07.701Z ssanane@hotmail.de
2026-07-07T19:32:08.799Z besim.shala.1976@hotmail.de
2026-07-07T19:32:08.800Z anna.gallwitz@hotmail.de
2026-07-07T19:32:09.897Z makbule63@hotmail.de
2026-07-07T19:32:09.901Z rimi-timi@hotmail.de
2026-07-07T19:32:10.994Z lolo__@hotmail.de
2026-07-07T19:32:11.001Z kawa.s@hotmail.de
2026-07-07T19:32:12.094Z melissa.brembeck@live.de
2026-07-07T19:32:12.102Z polat.mehtap@hotmail.de
2026-07-07T19:32:13.189Z sari.sohn@hotmail.de
2026-07-07T19:32:13.205Z zelal-beyaztepe@hotmail.de
2026-07-07T19:32:14.290Z mai11@live.de
2026-07-07T19:32:14.305Z vero4ever@live.de
2026-07-07T19:32:15.390Z berfin.62@hotmail.de
2026-07-07T19:32:15.409Z berkan2121@hotmail.de
2026-07-07T19:32:16.491Z ellihoney@hotmail.de
2026-07-07T19:32:16.506Z lara.sharif@outlook.de
2026-07-07T19:32:17.585Z fatmanur01@hotmail.de
2026-07-07T19:32:17.606Z girlbanny1991@hotmail.de
2026-07-07T19:32:18.686Z ankara-061@hotmail.de
2026-07-07T19:32:18.701Z sedefpolat@hotmail.de
2026-07-07T19:32:19.778Z fett12@hotmail.de
2026-07-07T19:32:19.797Z ihsan09@hotmail.de
2026-07-07T19:32:20.873Z zuhre-99@outlook.de
2026-07-07T19:32:20.889Z pelin3535@hotmail.de
2026-07-07T19:32:21.970Z c.eda@live.de
2026-07-07T19:32:21.989Z ajsa-hotmail@web.de
2026-07-07T19:32:23.067Z metin2-halil@hotmail.de
2026-07-07T19:32:23.090Z henrybachmann@hotmail.de
2026-07-07T19:32:24.171Z qoza@outlook.de
2026-07-07T19:32:24.189Z pelin@hotmail.de
2026-07-07T19:32:25.270Z metehan.adana@hotmail.de
2026-07-07T19:32:25.293Z laramohamed@outlook.de
2026-07-07T19:32:26.371Z loskantos79@hotmail.de
2026-07-07T19:32:26.389Z johns@hotmail.de
2026-07-07T19:32:27.478Z boss119@hotmail.de
2026-07-07T19:32:27.487Z tanzmaus2003@hotmail.de
2026-07-07T19:32:28.581Z batuhan030102@hotmail.de
2026-07-07T19:32:28.585Z narkotiz@hotmail.de
2026-07-07T19:32:29.682Z lucadoerflinger@hotmail.de
2026-07-07T19:32:29.685Z samuel.gamer@live.de
2026-07-07T19:32:30.782Z bbox.franco.bella@outlook.com
2026-07-07T19:32:30.785Z finaa@hotmail.de
2026-07-07T19:32:31.886Z testa1998@hotmail.de
2026-07-07T19:32:31.887Z funny-like-marc.z@live.de
2026-07-07T19:32:32.986Z italiarose@hotmail.de
2026-07-07T19:32:32.994Z elena.shijaku@outlook.de
2026-07-07T19:32:34.081Z alina.hass@hotmail.de
2026-07-07T19:32:34.097Z samsunger@hotmail.de
2026-07-07T19:32:35.177Z tassogodulas@hotmail.de
2026-07-07T19:32:35.193Z jasminolo@live.de
2026-07-07T19:32:36.273Z devrimsahin@hotmail.de
2026-07-07T19:32:36.290Z furkankoeln12@hotmail.de
2026-07-07T19:32:37.369Z ale-inter@hotmail.de
2026-07-07T19:32:37.386Z klaus.gruber@live.de
2026-07-07T19:32:38.470Z franziskareese@hotmail.de
2026-07-07T19:32:38.485Z chingy_dlm@hotmail.de
2026-07-07T19:32:39.573Z pixelart007@outlook.de
2026-07-07T19:32:39.585Z bikola.bikola@outlook.com
2026-07-07T19:32:40.674Z soufiane6_hacker@hotmail.com
